# JRE version: OpenJDK Runtime Environment (8.0_212-b03) (build 1.8.0_212-8u212-b03-0ubuntu1.16.04.1-b03)
# Java VM: OpenJDK 64-Bit Server VM (25.212-b03 mixed mode linux-amd64 compressed oops)
Heap:
 PSYoungGen      total 262144K, used 117565K [0x00000000d7000000, 0x00000000ea600000, 0x0000000100000000)
  eden space 249856K, 42% used [0x00000000d7000000,0x00000000dd6d1340,0x00000000e6400000)
  from space 12288K, 99% used [0x00000000e6400000,0x00000000e6ffe3c8,0x00000000e7000000)
  to   space 15360K, 0% used [0x00000000e9700000,0x00000000e9700000,0x00000000ea600000)
 ParOldGen       total 64512K, used 13292K [0x0000000085000000, 0x0000000088f00000, 0x00000000d7000000)
  object space 64512K, 20% used [0x0000000085000000,0x0000000085cfb158,0x0000000088f00000)
 Metaspace       used 32626K, capacity 32982K, committed 33328K, reserved 1079296K
  class space    used 4013K, capacity 4107K, committed 4144K, reserved 1048576K
GC Heap History (10 events):
Event: 3.020 GC heap before
{Heap before GC invocations=4 (full 0):
 PSYoungGen      total 68608K, used 68579K [0x00000000d7000000, 0x00000000df600000, 0x0000000100000000)
  eden space 63488K, 100% used [0x00000000d7000000,0x00000000dae00000,0x00000000dae00000)
  from space 5120K, 99% used [0x00000000dae00000,0x00000000db2f8d70,0x00000000db300000)
  to   space 5120K, 0% used [0x00000000df100000,0x00000000df100000,0x00000000df600000)
 ParOldGen       total 84992K, used 5332K [0x0000000085000000, 0x000000008a300000, 0x00000000d7000000)
  object space 84992K, 6% used [0x0000000085000000,0x00000000855353e0,0x000000008a300000)
 Metaspace       used 17665K, capacity 17756K, committed 18048K, reserved 1064960K
  class space    used 2096K, capacity 2124K, committed 2176K, reserved 1048576K
Event: 3.032 GC heap after
Heap after GC invocations=4 (full 0):
 PSYoungGen      total 132096K, used 5088K [0x00000000d7000000, 0x00000000df600000, 0x0000000100000000)
  eden space 126976K, 0% used [0x00000000d7000000,0x00000000d7000000,0x00000000dec00000)
  from space 5120K, 99% used [0x00000000df100000,0x00000000df5f8268,0x00000000df600000)
  to   space 5120K, 0% used [0x00000000dec00000,0x00000000dec00000,0x00000000df100000)
 ParOldGen       total 84992K, used 10237K [0x0000000085000000, 0x000000008a300000, 0x00000000d7000000)
  object space 84992K, 12% used [0x0000000085000000,0x00000000859ff470,0x000000008a300000)
 Metaspace       used 17665K, capacity 17756K, committed 18048K, reserved 1064960K
  class space    used 2096K, capacity 2124K, committed 2176K, reserved 1048576K
}
Event: 3.496 GC heap before
{Heap before GC invocations=5 (full 0):
 PSYoungGen      total 132096K, used 58242K [0x00000000d7000000, 0x00000000df600000, 0x0000000100000000)
  eden space 126976K, 41% used [0x00000000d7000000,0x00000000da3e8668,0x00000000dec00000)
  from space 5120K, 99% used [0x00000000df100000,0x00000000df5f8268,0x00000000df600000)
  to   space 5120K, 0% used [0x00000000dec00000,0x00000000dec00000,0x00000000df100000)
 ParOldGen       total 84992K, used 10237K [0x0000000085000000, 0x000000008a300000, 0x00000000d7000000)
  object space 84992K, 12% used [0x0000000085000000,0x00000000859ff470,0x000000008a300000)
 Metaspace       used 20944K, capacity 21178K, committed 21296K, reserved 1069056K
  class space    used 2503K, capacity 2593K, committed 2608K, reserved 1048576K
Event: 3.511 GC heap after
Heap after GC invocations=5 (full 0):
 PSYoungGen      total 132096K, used 5104K [0x00000000d7000000, 0x00000000e8100000, 0x0000000100000000)
  eden space 126976K, 0% used [0x00000000d7000000,0x00000000d7000000,0x00000000dec00000)
  from space 5120K, 99% used [0x00000000dec00000,0x00000000df0fc278,0x00000000df100000)
  to   space 12800K, 0% used [0x00000000e7480000,0x00000000e7480000,0x00000000e8100000)
 ParOldGen       total 84992K, used 13483K [0x0000000085000000, 0x000000008a300000, 0x00000000d7000000)
  object space 84992K, 15% used [0x0000000085000000,0x0000000085d2ad40,0x000000008a300000)
 Metaspace       used 20944K, capacity 21178K, committed 21296K, reserved 1069056K
  class space    used 2503K, capacity 2593K, committed 2608K, reserved 1048576K
}
Event: 3.511 GC heap before
{Heap before GC invocations=6 (full 1):
 PSYoungGen      total 132096K, used 5104K [0x00000000d7000000, 0x00000000e8100000, 0x0000000100000000)
  eden space 126976K, 0% used [0x00000000d7000000,0x00000000d7000000,0x00000000dec00000)
  from space 5120K, 99% used [0x00000000dec00000,0x00000000df0fc278,0x00000000df100000)
  to   space 12800K, 0% used [0x00000000e7480000,0x00000000e7480000,0x00000000e8100000)
 ParOldGen       total 84992K, used 13483K [0x0000000085000000, 0x000000008a300000, 0x00000000d7000000)
  object space 84992K, 15% used [0x0000000085000000,0x0000000085d2ad40,0x000000008a300000)
 Metaspace       used 20944K, capacity 21178K, committed 21296K, reserved 1069056K
  class space    used 2503K, capacity 2593K, committed 2608K, reserved 1048576K
Event: 3.570 GC heap after
Heap after GC invocations=6 (full 1):
 PSYoungGen      total 132096K, used 0K [0x00000000d7000000, 0x00000000e8100000, 0x0000000100000000)
  eden space 126976K, 0% used [0x00000000d7000000,0x00000000d7000000,0x00000000dec00000)
  from space 5120K, 0% used [0x00000000dec00000,0x00000000dec00000,0x00000000df100000)
  to   space 12800K, 0% used [0x00000000e7480000,0x00000000e7480000,0x00000000e8100000)
 ParOldGen       total 64512K, used 11249K [0x0000000085000000, 0x0000000088f00000, 0x00000000d7000000)
  object space 64512K, 17% used [0x0000000085000000,0x0000000085afc7c0,0x0000000088f00000)
 Metaspace       used 20944K, capacity 21178K, committed 21296K, reserved 1069056K
  class space    used 2503K, capacity 2593K, committed 2608K, reserved 1048576K
}
Event: 5.143 GC heap before
{Heap before GC invocations=7 (full 1):
 PSYoungGen      total 132096K, used 126976K [0x00000000d7000000, 0x00000000e8100000, 0x0000000100000000)
  eden space 126976K, 100% used [0x00000000d7000000,0x00000000dec00000,0x00000000dec00000)
  from space 5120K, 0% used [0x00000000dec00000,0x00000000dec00000,0x00000000df100000)
  to   space 12800K, 0% used [0x00000000e7480000,0x00000000e7480000,0x00000000e8100000)
 ParOldGen       total 64512K, used 11249K [0x0000000085000000, 0x0000000088f00000, 0x00000000d7000000)
  object space 64512K, 17% used [0x0000000085000000,0x0000000085afc7c0,0x0000000088f00000)
 Metaspace       used 25567K, capacity 25904K, committed 26032K, reserved 1073152K
  class space    used 3089K, capacity 3194K, committed 3248K, reserved 1048576K
Event: 5.157 GC heap after
Heap after GC invocations=7 (full 1):
 PSYoungGen      total 198656K, used 7308K [0x00000000d7000000, 0x00000000e7c00000, 0x0000000100000000)
  eden space 190976K, 0% used [0x00000000d7000000,0x00000000d7000000,0x00000000e2a80000)
  from space 7680K, 95% used [0x00000000e7480000,0x00000000e7ba3210,0x00000000e7c00000)
  to   space 12288K, 0% used [0x00000000e6400000,0x00000000e6400000,0x00000000e7000000)
 ParOldGen       total 64512K, used 11257K [0x0000000085000000, 0x0000000088f00000, 0x00000000d7000000)
  object space 64512K, 17% used [0x0000000085000000,0x0000000085afe7c0,0x0000000088f00000)
 Metaspace       used 25567K, capacity 25904K, committed 26032K, reserved 1073152K
  class space    used 3089K, capacity 3194K, committed 3248K, reserved 1048576K
}
Event: 7.420 GC heap before
{Heap before GC invocations=8 (full 1):
 PSYoungGen      total 198656K, used 198284K [0x00000000d7000000, 0x00000000e7c00000, 0x0000000100000000)
  eden space 190976K, 100% used [0x00000000d7000000,0x00000000e2a80000,0x00000000e2a80000)
  from space 7680K, 95% used [0x00000000e7480000,0x00000000e7ba3210,0x00000000e7c00000)
  to   space 12288K, 0% used [0x00000000e6400000,0x00000000e6400000,0x00000000e7000000)
 ParOldGen       total 64512K, used 11257K [0x0000000085000000, 0x0000000088f00000, 0x00000000d7000000)
  object space 64512K, 17% used [0x0000000085000000,0x0000000085afe7c0,0x0000000088f00000)
 Metaspace       used 30178K, capacity 30494K, committed 30640K, reserved 1077248K
  class space    used 3663K, capacity 3751K, committed 3760K, reserved 1048576K
Event: 7.456 GC heap after
Heap after GC invocations=8 (full 1):
 PSYoungGen      total 262144K, used 12280K [0x00000000d7000000, 0x00000000ea600000, 0x0000000100000000)
  eden space 249856K, 0% used [0x00000000d7000000,0x00000000d7000000,0x00000000e6400000)
  from space 12288K, 99% used [0x00000000e6400000,0x00000000e6ffe3c8,0x00000000e7000000)
  to   space 15360K, 0% used [0x00000000e9700000,0x00000000e9700000,0x00000000ea600000)
 ParOldGen       total 64512K, used 13292K [0x0000000085000000, 0x0000000088f00000, 0x00000000d7000000)
  object space 64512K, 20% used [0x0000000085000000,0x0000000085cfb158,0x0000000088f00000)
 Metaspace       used 30178K, capacity 30494K, committed 30640K, reserved 1077248K
  class space    used 3663K, capacity 3751K, committed 3760K, reserved 1048576K
}

